2022-08-19_01:41:00.543093 Acquisition started with TIFF filename prefix "DF_Y00_BEFORE_".
2022-08-19_01:41:02.390454 0 -0.003
2022-08-19_01:41:02.590234 1 -0.003
2022-08-19_01:41:02.790682 2 -0.003
2022-08-19_01:41:02.990714 3 -0.003
2022-08-19_01:41:03.190233 4 -0.003
2022-08-19_01:41:03.190300 Acquisition finished.
2022-08-19_01:41:17.061155 Acquisition started with TIFF filename prefix "BG_Y00_BEFORE_".
2022-08-19_01:41:18.904706 0 -0.003
2022-08-19_01:41:19.104308 1 -0.003
2022-08-19_01:41:19.304927 2 -0.003
2022-08-19_01:41:19.505133 3 -0.003
2022-08-19_01:41:19.705246 4 -0.003
2022-08-19_01:41:19.705319 Acquisition finished.
2022-08-19_01:41:45.461808 Acquisition started with TIFF filename prefix "SAMPLE_Y00_T".
2022-08-19_01:41:47.314856 0 0.409
2022-08-19_01:41:47.514483 1 0.409
2022-08-19_01:41:47.514555 Acquisition finished.
2022-08-19_01:41:50.703865 Acquisition started with TIFF filename prefix "DF_Y00_AFTER_".
2022-08-19_01:41:52.564428 0 1.676
2022-08-19_01:41:52.764251 1 1.765
2022-08-19_01:41:52.964693 2 1.8
2022-08-19_01:41:53.164381 3 1.875
2022-08-19_01:41:53.364290 4 1.928
2022-08-19_01:41:53.364372 Acquisition finished.
2022-08-19_01:42:07.561929 Acquisition started with TIFF filename prefix "BG_Y00_AFTER_".
2022-08-19_01:42:09.408004 0 5.933
2022-08-19_01:42:09.608240 1 5.933
2022-08-19_01:42:09.807981 2 6.047
2022-08-19_01:42:10.008256 3 6.047
2022-08-19_01:42:10.208694 4 6.146
2022-08-19_01:42:10.208768 Acquisition finished.
2022-08-19_01:42:18.058363 Acquisition started with TIFF filename prefix "DF_Y01_BEFORE_".
2022-08-19_01:42:19.916095 0 0.02
2022-08-19_01:42:20.115710 1 -0.002
2022-08-19_01:42:20.316565 2 -0.003
2022-08-19_01:42:20.516297 3 -0.003
2022-08-19_01:42:20.716779 4 -0.003
2022-08-19_01:42:20.716861 Acquisition finished.
2022-08-19_01:42:42.571011 Acquisition started with TIFF filename prefix "BG_Y01_BEFORE_".
2022-08-19_01:42:44.426700 0 -0.003
2022-08-19_01:42:44.626088 1 -0.003
2022-08-19_01:42:44.826025 2 -0.003
2022-08-19_01:42:45.025825 3 -0.003
2022-08-19_01:42:45.225702 4 -0.003
2022-08-19_01:42:45.225773 Acquisition finished.
2022-08-19_01:43:11.466957 Acquisition started with TIFF filename prefix "SAMPLE_Y01_T".
2022-08-19_01:43:13.325068 0 0.431
2022-08-19_01:43:13.524335 1 0.431
2022-08-19_01:43:13.524404 Acquisition finished.
2022-08-19_01:43:16.601166 Acquisition started with TIFF filename prefix "DF_Y01_AFTER_".
2022-08-19_01:43:18.464342 0 1.675
2022-08-19_01:43:18.664326 1 1.762
2022-08-19_01:43:18.864622 2 1.798
2022-08-19_01:43:19.064687 3 1.865
2022-08-19_01:43:19.265019 4 1.898
2022-08-19_01:43:19.265104 Acquisition finished.
2022-08-19_01:43:33.572129 Acquisition started with TIFF filename prefix "BG_Y01_AFTER_".
2022-08-19_01:43:35.432378 0 5.937
2022-08-19_01:43:35.631887 1 5.937
2022-08-19_01:43:35.831552 2 6.043
2022-08-19_01:43:36.032385 3 6.072
2022-08-19_01:43:36.231400 4 6.158
2022-08-19_01:43:36.231474 Acquisition finished.
2022-08-19_01:43:44.115266 Acquisition started with TIFF filename prefix "DF_Y02_BEFORE_".
2022-08-19_01:43:45.976152 0 0.106
2022-08-19_01:43:46.175256 1 0.014
2022-08-19_01:43:46.375481 2 -0.003
2022-08-19_01:43:46.575591 3 -0.003
2022-08-19_01:43:46.775006 4 -0.003
2022-08-19_01:43:46.775082 Acquisition finished.
2022-08-19_01:44:08.576094 Acquisition started with TIFF filename prefix "BG_Y02_BEFORE_".
2022-08-19_01:44:10.428692 0 -0.003
2022-08-19_01:44:10.628527 1 -0.003
2022-08-19_01:44:10.828793 2 -0.003
2022-08-19_01:44:11.029177 3 -0.003
2022-08-19_01:44:11.229245 4 -0.003
2022-08-19_01:44:11.229324 Acquisition finished.
2022-08-19_01:44:36.973215 Acquisition started with TIFF filename prefix "SAMPLE_Y02_T".
2022-08-19_01:44:38.818058 0 0.397
2022-08-19_01:44:39.018071 1 0.397
2022-08-19_01:44:39.018146 Acquisition finished.
2022-08-19_01:44:42.102275 Acquisition started with TIFF filename prefix "DF_Y02_AFTER_".
2022-08-19_01:44:43.954147 0 1.675
2022-08-19_01:44:44.153808 1 1.725
2022-08-19_01:44:44.353637 2 1.788
2022-08-19_01:44:44.553367 3 1.788
2022-08-19_01:44:44.753120 4 1.788
2022-08-19_01:44:44.753193 Acquisition finished.
2022-08-19_01:44:59.077638 Acquisition started with TIFF filename prefix "BG_Y02_AFTER_".
2022-08-19_01:45:00.932266 0 5.923
2022-08-19_01:45:01.133106 1 5.973
2022-08-19_01:45:01.333157 2 6.038
2022-08-19_01:45:01.533280 3 6.038
2022-08-19_01:45:01.733579 4 6.038
2022-08-19_01:45:01.733661 Acquisition finished.
2022-08-19_01:45:10.026214 Acquisition started with TIFF filename prefix "DF_Y03_BEFORE_".
2022-08-19_01:45:11.895460 0 0.024
2022-08-19_01:45:12.095507 1 -0.001
2022-08-19_01:45:12.295762 2 -0.003
2022-08-19_01:45:12.495702 3 -0.003
2022-08-19_01:45:12.695812 4 -0.003
2022-08-19_01:45:12.695879 Acquisition finished.
2022-08-19_01:45:35.088830 Acquisition started with TIFF filename prefix "BG_Y03_BEFORE_".
2022-08-19_01:45:36.946143 0 -0.003
2022-08-19_01:45:37.145400 1 -0.003
2022-08-19_01:45:37.345969 2 -0.003
2022-08-19_01:45:37.545398 3 -0.003
2022-08-19_01:45:37.745059 4 -0.003
2022-08-19_01:45:37.745128 Acquisition finished.
2022-08-19_01:46:03.487105 Acquisition started with TIFF filename prefix "SAMPLE_Y03_T".
2022-08-19_01:46:05.335447 0 0.425
2022-08-19_01:46:05.535175 1 0.425
2022-08-19_01:46:05.535252 Acquisition finished.
2022-08-19_01:46:08.599134 Acquisition started with TIFF filename prefix "DF_Y03_AFTER_".
2022-08-19_01:46:10.456210 0 1.691
2022-08-19_01:46:10.655935 1 1.691
2022-08-19_01:46:10.856361 2 1.796
2022-08-19_01:46:11.056202 3 1.823
2022-08-19_01:46:11.256476 4 1.909
2022-08-19_01:46:11.256545 Acquisition finished.
2022-08-19_01:46:25.589524 Acquisition started with TIFF filename prefix "BG_Y03_AFTER_".
2022-08-19_01:46:27.434739 0 5.928
2022-08-19_01:46:27.634125 1 6.012
2022-08-19_01:46:27.833773 2 6.049
2022-08-19_01:46:28.033906 3 6.049
2022-08-19_01:46:28.234006 4 6.148
2022-08-19_01:46:28.234072 Acquisition finished.
2022-08-19_01:46:36.571739 Acquisition started with TIFF filename prefix "DF_Y04_BEFORE_".
2022-08-19_01:46:38.412847 0 0.061
2022-08-19_01:46:38.612315 1 0.061
2022-08-19_01:46:38.812894 2 -0.003
2022-08-19_01:46:39.012990 3 -0.003
2022-08-19_01:46:39.213532 4 -0.003
2022-08-19_01:46:39.213628 Acquisition finished.
2022-08-19_01:47:01.596093 Acquisition started with TIFF filename prefix "BG_Y04_BEFORE_".
2022-08-19_01:47:03.449099 0 -0.003
2022-08-19_01:47:03.648636 1 -0.003
2022-08-19_01:47:03.848436 2 -0.003
2022-08-19_01:47:04.048280 3 -0.003
2022-08-19_01:47:04.248304 4 -0.003
2022-08-19_01:47:04.248382 Acquisition finished.
2022-08-19_01:47:29.988481 Acquisition started with TIFF filename prefix "SAMPLE_Y04_T".
2022-08-19_01:47:31.855163 0 0.389
2022-08-19_01:47:32.055100 1 0.389
2022-08-19_01:47:32.055170 Acquisition finished.
2022-08-19_01:47:35.100506 Acquisition started with TIFF filename prefix "DF_Y04_AFTER_".
2022-08-19_01:47:36.940936 0 1.666
2022-08-19_01:47:37.140137 1 1.716
2022-08-19_01:47:37.340434 2 1.753
2022-08-19_01:47:37.539918 3 1.753
2022-08-19_01:47:37.739626 4 1.857
2022-08-19_01:47:37.739695 Acquisition finished.
2022-08-19_01:47:52.102023 Acquisition started with TIFF filename prefix "BG_Y04_AFTER_".
2022-08-19_01:47:53.945092 0 5.918
2022-08-19_01:47:54.144468 1 5.918
2022-08-19_01:47:54.344502 2 6.028
2022-08-19_01:47:54.544086 3 6.028
2022-08-19_01:47:54.744081 4 6.028
2022-08-19_01:47:54.744161 Acquisition finished.
2022-08-19_01:48:02.602491 Acquisition started with TIFF filename prefix "DF_Y05_BEFORE_".
2022-08-19_01:48:04.455642 0 0.058
2022-08-19_01:48:04.655165 1 0.058
2022-08-19_01:48:04.855113 2 -0.003
2022-08-19_01:48:05.054600 3 -0.003
2022-08-19_01:48:05.254760 4 -0.003
2022-08-19_01:48:05.254843 Acquisition finished.
2022-08-19_01:48:27.099109 Acquisition started with TIFF filename prefix "BG_Y05_BEFORE_".
2022-08-19_01:48:28.942533 0 -0.003
2022-08-19_01:48:29.142466 1 -0.003
2022-08-19_01:48:29.342551 2 -0.003
2022-08-19_01:48:29.542947 3 -0.003
2022-08-19_01:48:29.743203 4 -0.003
2022-08-19_01:48:29.743289 Acquisition finished.
2022-08-19_01:48:55.995978 Acquisition started with TIFF filename prefix "SAMPLE_Y05_T".
2022-08-19_01:48:57.842481 0 0.401
2022-08-19_01:48:58.042052 1 0.401
2022-08-19_01:48:58.042126 Acquisition finished.
2022-08-19_01:49:01.099484 Acquisition started with TIFF filename prefix "DF_Y05_AFTER_".
2022-08-19_01:49:02.975073 0 1.674
2022-08-19_01:49:03.174421 1 1.725
2022-08-19_01:49:03.374541 2 1.762
2022-08-19_01:49:03.574395 3 1.762
2022-08-19_01:49:03.774017 4 1.899
2022-08-19_01:49:03.774087 Acquisition finished.
2022-08-19_01:49:18.098658 Acquisition started with TIFF filename prefix "BG_Y05_AFTER_".
2022-08-19_01:49:19.945330 0 5.933
2022-08-19_01:49:20.145226 1 5.933
2022-08-19_01:49:20.345358 2 6.01
2022-08-19_01:49:20.545799 3 6.01
2022-08-19_01:49:20.745716 4 6.114
2022-08-19_01:49:20.745784 Acquisition finished.
2022-08-19_01:49:28.710233 Acquisition started with TIFF filename prefix "DF_Y06_BEFORE_".
2022-08-19_01:49:30.568812 0 0.098
2022-08-19_01:49:30.768484 1 -0.001
2022-08-19_01:49:30.968883 2 -0.001
2022-08-19_01:49:31.169125 3 -0.003
2022-08-19_01:49:31.369356 4 -0.003
2022-08-19_01:49:31.369486 Acquisition finished.
2022-08-19_01:49:53.602953 Acquisition started with TIFF filename prefix "BG_Y06_BEFORE_".
2022-08-19_01:49:55.449868 0 -0.003
2022-08-19_01:49:55.649325 1 -0.003
2022-08-19_01:49:55.848554 2 -0.003
2022-08-19_01:49:56.048866 3 -0.003
2022-08-19_01:49:56.248782 4 -0.003
2022-08-19_01:49:56.248861 Acquisition finished.
2022-08-19_01:50:22.162374 Acquisition started with TIFF filename prefix "SAMPLE_Y06_T".
2022-08-19_01:50:24.033187 0 0.411
2022-08-19_01:50:24.232710 1 0.493
2022-08-19_01:50:24.232791 Acquisition finished.
2022-08-19_01:50:27.097849 Acquisition started with TIFF filename prefix "DF_Y06_AFTER_".
2022-08-19_01:50:28.940701 0 1.66
2022-08-19_01:50:29.140796 1 1.71
2022-08-19_01:50:29.340960 2 1.769
2022-08-19_01:50:29.541192 3 1.769
2022-08-19_01:50:29.741406 4 1.769
2022-08-19_01:50:29.741486 Acquisition finished.
2022-08-19_01:50:44.100662 Acquisition started with TIFF filename prefix "BG_Y06_AFTER_".
2022-08-19_01:50:45.947894 0 5.911
2022-08-19_01:50:46.147219 1 5.961
2022-08-19_01:50:46.347425 2 6.022
2022-08-19_01:50:46.547735 3 6.022
2022-08-19_01:50:46.747187 4 6.022
2022-08-19_01:50:46.747261 Acquisition finished.
2022-08-19_01:50:54.706598 Acquisition started with TIFF filename prefix "DF_Y07_BEFORE_".
2022-08-19_01:50:56.561525 0 0.192
2022-08-19_01:50:56.761066 1 0.021
2022-08-19_01:50:56.960827 2 0.005
2022-08-19_01:50:57.160101 3 -0.003
2022-08-19_01:50:57.360677 4 -0.003
2022-08-19_01:50:57.360756 Acquisition finished.
2022-08-19_01:51:20.202950 Acquisition started with TIFF filename prefix "BG_Y07_BEFORE_".
2022-08-19_01:51:22.047828 0 -0.003
2022-08-19_01:51:22.247891 1 -0.003
2022-08-19_01:51:22.448251 2 -0.003
2022-08-19_01:51:22.648319 3 -0.003
2022-08-19_01:51:22.848614 4 -0.003
2022-08-19_01:51:22.848687 Acquisition finished.
2022-08-19_01:51:49.010093 Acquisition started with TIFF filename prefix "SAMPLE_Y07_T".
2022-08-19_01:51:50.868301 0 0.368
2022-08-19_01:51:51.067945 1 0.394
2022-08-19_01:51:51.068014 Acquisition finished.
2022-08-19_01:51:54.100027 Acquisition started with TIFF filename prefix "DF_Y07_AFTER_".
2022-08-19_01:51:55.957714 0 1.616
2022-08-19_01:51:56.157402 1 1.708
2022-08-19_01:51:56.356971 2 1.758
2022-08-19_01:51:56.557003 3 1.758
2022-08-19_01:51:56.756813 4 1.833
2022-08-19_01:51:56.756886 Acquisition finished.
2022-08-19_01:52:11.100664 Acquisition started with TIFF filename prefix "BG_Y07_AFTER_".
2022-08-19_01:52:12.944880 0 5.893
2022-08-19_01:52:13.144499 1 5.943
2022-08-19_01:52:13.344456 2 6.005
2022-08-19_01:52:13.544306 3 6.005
2022-08-19_01:52:13.744102 4 6.005
2022-08-19_01:52:13.744178 Acquisition finished.
2022-08-19_01:52:21.569819 Acquisition started with TIFF filename prefix "DF_Y08_BEFORE_".
2022-08-19_01:52:23.427814 0 0.097
2022-08-19_01:52:23.627468 1 0.097
2022-08-19_01:52:23.827045 2 -0.003
2022-08-19_01:52:24.027201 3 -0.003
2022-08-19_01:52:24.226975 4 -0.003
2022-08-19_01:52:24.227064 Acquisition finished.
2022-08-19_01:52:46.600358 Acquisition started with TIFF filename prefix "BG_Y08_BEFORE_".
2022-08-19_01:52:48.455701 0 -0.003
2022-08-19_01:52:48.655476 1 -0.003
2022-08-19_01:52:48.855967 2 -0.003
2022-08-19_01:52:49.055973 3 -0.003
2022-08-19_01:52:49.256049 4 -0.003
2022-08-19_01:52:49.256122 Acquisition finished.
2022-08-19_01:53:15.021227 Acquisition started with TIFF filename prefix "SAMPLE_Y08_T".
2022-08-19_01:53:16.862569 0 0.39
2022-08-19_01:53:17.062040 1 0.416
2022-08-19_01:53:17.062110 Acquisition finished.
2022-08-19_01:53:20.524047 Acquisition started with TIFF filename prefix "DF_Y08_AFTER_".
2022-08-19_01:53:22.391228 0 1.779
2022-08-19_01:53:22.591012 1 1.779
2022-08-19_01:53:22.791432 2 1.779
2022-08-19_01:53:22.991635 3 1.914
2022-08-19_01:53:23.191479 4 1.998
2022-08-19_01:53:23.191558 Acquisition finished.
2022-08-19_01:53:37.599167 Acquisition started with TIFF filename prefix "BG_Y08_AFTER_".
2022-08-19_01:53:39.443927 0 6.031
2022-08-19_01:53:39.644182 1 6.031
2022-08-19_01:53:39.844305 2 6.031
2022-08-19_01:53:40.044604 3 6.031
2022-08-19_01:53:40.244593 4 6.252
2022-08-19_01:53:40.244674 Acquisition finished.
2022-08-19_01:53:48.012706 Acquisition started with TIFF filename prefix "DF_Y09_BEFORE_".
2022-08-19_01:53:49.866373 0 0.056
2022-08-19_01:53:50.066330 1 0.056
2022-08-19_01:53:50.266695 2 -0.003
2022-08-19_01:53:50.466527 3 -0.003
2022-08-19_01:53:50.666645 4 -0.003
2022-08-19_01:53:50.666719 Acquisition finished.
2022-08-19_01:54:12.602640 Acquisition started with TIFF filename prefix "BG_Y09_BEFORE_".
2022-08-19_01:54:14.462779 0 -0.003
2022-08-19_01:54:14.662154 1 -0.003
2022-08-19_01:54:14.862211 2 -0.003
2022-08-19_01:54:15.061955 3 -0.003
2022-08-19_01:54:15.261647 4 -0.003
2022-08-19_01:54:15.261718 Acquisition finished.
2022-08-19_01:54:41.533327 Acquisition started with TIFF filename prefix "SAMPLE_Y09_T".
2022-08-19_01:54:43.417254 0 0.404
2022-08-19_01:54:43.616810 1 0.404
2022-08-19_01:54:43.616890 Acquisition finished.
2022-08-19_01:54:46.598219 Acquisition started with TIFF filename prefix "DF_Y09_AFTER_".
2022-08-19_01:54:48.478370 0 1.681
2022-08-19_01:54:48.678441 1 1.681
2022-08-19_01:54:48.878579 2 1.818
2022-08-19_01:54:49.079044 3 1.867
2022-08-19_01:54:49.279067 4 1.901
2022-08-19_01:54:49.279149 Acquisition finished.
2022-08-19_01:55:03.603805 Acquisition started with TIFF filename prefix "BG_Y09_AFTER_".
2022-08-19_01:55:05.450043 0 5.931
2022-08-19_01:55:05.649664 1 5.931
2022-08-19_01:55:05.849403 2 6.037
2022-08-19_01:55:06.049294 3 6.037
2022-08-19_01:55:06.249177 4 6.145
2022-08-19_01:55:06.249262 Acquisition finished.
2022-08-19_01:55:14.530727 Acquisition started with TIFF filename prefix "DF_Y10_BEFORE_".
2022-08-19_01:55:16.381329 0 0.055
2022-08-19_01:55:16.580788 1 0.055
2022-08-19_01:55:16.780624 2 -0.003
2022-08-19_01:55:16.980660 3 -0.003
2022-08-19_01:55:17.180516 4 -0.003
2022-08-19_01:55:17.180595 Acquisition finished.
2022-08-19_01:55:39.098007 Acquisition started with TIFF filename prefix "BG_Y10_BEFORE_".
2022-08-19_01:55:40.954521 0 -0.003
2022-08-19_01:55:41.154611 1 -0.003
2022-08-19_01:55:41.354573 2 -0.003
2022-08-19_01:55:41.554755 3 -0.003
2022-08-19_01:55:41.755097 4 -0.003
2022-08-19_01:55:41.755169 Acquisition finished.
2022-08-19_01:56:08.032915 Acquisition started with TIFF filename prefix "SAMPLE_Y10_T".
2022-08-19_01:56:09.883881 0 0.395
2022-08-19_01:56:10.084000 1 0.473
2022-08-19_01:56:10.084074 Acquisition finished.
2022-08-19_01:56:13.101568 Acquisition started with TIFF filename prefix "DF_Y10_AFTER_".
2022-08-19_01:56:14.961837 0 1.664
2022-08-19_01:56:15.161511 1 1.718
2022-08-19_01:56:15.361524 2 1.78
2022-08-19_01:56:15.561196 3 1.78
2022-08-19_01:56:15.761056 4 1.863
2022-08-19_01:56:15.761142 Acquisition finished.
2022-08-19_01:56:30.099278 Acquisition started with TIFF filename prefix "BG_Y10_AFTER_".
2022-08-19_01:56:31.942943 0 5.923
2022-08-19_01:56:32.142995 1 5.973
2022-08-19_01:56:32.342945 2 6.038
2022-08-19_01:56:32.542960 3 6.038
2022-08-19_01:56:32.743286 4 6.038
2022-08-19_01:56:32.743366 Acquisition finished.
2022-08-19_01:56:41.034103 Acquisition started with TIFF filename prefix "DF_Y11_BEFORE_".
2022-08-19_01:56:42.897146 0 0.03
2022-08-19_01:56:43.097287 1 0
2022-08-19_01:56:43.297123 2 -0.003
2022-08-19_01:56:43.496951 3 -0.003
2022-08-19_01:56:43.696598 4 -0.003
2022-08-19_01:56:43.696678 Acquisition finished.
2022-08-19_01:57:06.099325 Acquisition started with TIFF filename prefix "BG_Y11_BEFORE_".
2022-08-19_01:57:07.945649 0 -0.003
2022-08-19_01:57:08.145314 1 -0.003
2022-08-19_01:57:08.345623 2 -0.003
2022-08-19_01:57:08.545864 3 -0.003
2022-08-19_01:57:08.745857 4 -0.003
2022-08-19_01:57:08.745932 Acquisition finished.
2022-08-19_01:57:34.547457 Acquisition started with TIFF filename prefix "SAMPLE_Y11_T".
2022-08-19_01:57:36.402326 0 0.416
2022-08-19_01:57:36.602030 1 0.416
2022-08-19_01:57:36.602098 Acquisition finished.
2022-08-19_01:57:39.598436 Acquisition started with TIFF filename prefix "DF_Y11_AFTER_".
2022-08-19_01:57:41.468942 0 1.667
2022-08-19_01:57:41.669170 1 1.753
2022-08-19_01:57:41.869233 2 1.787
2022-08-19_01:57:42.069474 3 1.787
2022-08-19_01:57:42.269755 4 1.865
2022-08-19_01:57:42.269832 Acquisition finished.
2022-08-19_01:57:56.599545 Acquisition started with TIFF filename prefix "BG_Y11_AFTER_".
2022-08-19_01:57:58.442073 0 5.918
2022-08-19_01:57:58.641778 1 5.918
2022-08-19_01:57:58.842137 2 6.041
2022-08-19_01:57:59.042248 3 6.107
2022-08-19_01:57:59.242527 4 6.139
2022-08-19_01:57:59.242600 Acquisition finished.
2022-08-19_01:58:07.578888 Acquisition started with TIFF filename prefix "DF_Y12_BEFORE_".
2022-08-19_01:58:09.432766 0 -0.003
2022-08-19_01:58:09.632914 1 -0.003
2022-08-19_01:58:09.832879 2 -0.003
2022-08-19_01:58:10.033228 3 -0.003
2022-08-19_01:58:10.233387 4 -0.003
2022-08-19_01:58:10.233467 Acquisition finished.
2022-08-19_01:58:32.101219 Acquisition started with TIFF filename prefix "BG_Y12_BEFORE_".
2022-08-19_01:58:33.945354 0 -0.003
2022-08-19_01:58:34.145080 1 -0.003
2022-08-19_01:58:34.344710 2 -0.003
2022-08-19_01:58:34.544631 3 -0.003
2022-08-19_01:58:34.744570 4 -0.003
2022-08-19_01:58:34.744643 Acquisition finished.
2022-08-19_01:59:00.552373 Acquisition started with TIFF filename prefix "SAMPLE_Y12_T".
2022-08-19_01:59:02.412982 0 0.417
2022-08-19_01:59:02.612817 1 0.417
2022-08-19_01:59:02.612886 Acquisition finished.
2022-08-19_01:59:05.598483 Acquisition started with TIFF filename prefix "DF_Y12_AFTER_".
2022-08-19_01:59:07.440224 0 1.665
2022-08-19_01:59:07.639840 1 1.752
2022-08-19_01:59:07.839653 2 1.784
2022-08-19_01:59:08.039633 3 1.784
2022-08-19_01:59:08.238914 4 1.878
2022-08-19_01:59:08.238984 Acquisition finished.
2022-08-19_01:59:22.601187 Acquisition started with TIFF filename prefix "BG_Y12_AFTER_".
2022-08-19_01:59:24.449803 0 5.915
2022-08-19_01:59:24.648662 1 5.915
2022-08-19_01:59:24.849391 2 6.054
2022-08-19_01:59:25.049137 3 6.054
2022-08-19_01:59:25.248958 4 6.135
2022-08-19_01:59:25.249030 Acquisition finished.
2022-08-19_01:59:33.027633 Acquisition started with TIFF filename prefix "DF_Y13_BEFORE_".
2022-08-19_01:59:34.875654 0 0.257
2022-08-19_01:59:35.075370 1 0.022
2022-08-19_01:59:35.275154 2 -0.003
2022-08-19_01:59:35.475016 3 -0.003
2022-08-19_01:59:35.674740 4 -0.003
2022-08-19_01:59:35.674812 Acquisition finished.
2022-08-19_01:59:58.096479 Acquisition started with TIFF filename prefix "BG_Y13_BEFORE_".
2022-08-19_01:59:59.939068 0 -0.003
2022-08-19_02:00:00.138984 1 -0.003
2022-08-19_02:00:00.339332 2 -0.003
2022-08-19_02:00:00.539453 3 -0.003
2022-08-19_02:00:00.739745 4 -0.003
2022-08-19_02:00:00.739822 Acquisition finished.
2022-08-19_02:00:27.063128 Acquisition started with TIFF filename prefix "SAMPLE_Y13_T".
2022-08-19_02:00:28.905773 0 0.425
2022-08-19_02:00:29.105979 1 0.474
2022-08-19_02:00:29.106052 Acquisition finished.
2022-08-19_02:00:32.100913 Acquisition started with TIFF filename prefix "DF_Y13_AFTER_".
2022-08-19_02:00:33.943013 0 1.675
2022-08-19_02:00:34.142835 1 1.725
2022-08-19_02:00:34.342613 2 1.787
2022-08-19_02:00:34.542023 3 1.787
2022-08-19_02:00:34.741838 4 1.787
2022-08-19_02:00:34.741908 Acquisition finished.
2022-08-19_02:00:49.105325 Acquisition started with TIFF filename prefix "BG_Y13_AFTER_".
2022-08-19_02:00:50.949619 0 5.896
2022-08-19_02:00:51.149951 1 5.97
2022-08-19_02:00:51.349989 2 6.028
2022-08-19_02:00:51.550154 3 6.028
2022-08-19_02:00:51.750030 4 6.116
2022-08-19_02:00:51.750109 Acquisition finished.
2022-08-19_02:01:00.097502 Acquisition started with TIFF filename prefix "DF_Y14_BEFORE_".
2022-08-19_02:01:01.939841 0 0.053
2022-08-19_02:01:02.139943 1 0.009
2022-08-19_02:01:02.340220 2 -0.003
2022-08-19_02:01:02.540368 3 -0.003
2022-08-19_02:01:02.740811 4 -0.003
2022-08-19_02:01:02.740882 Acquisition finished.
2022-08-19_02:01:24.602247 Acquisition started with TIFF filename prefix "BG_Y14_BEFORE_".
2022-08-19_02:01:26.441858 0 -0.003
2022-08-19_02:01:26.641302 1 -0.003
2022-08-19_02:01:26.841350 2 -0.003
2022-08-19_02:01:27.041233 3 -0.003
2022-08-19_02:01:27.241025 4 -0.003
2022-08-19_02:01:27.241094 Acquisition finished.
2022-08-19_02:01:53.774686 Acquisition started with TIFF filename prefix "SAMPLE_Y14_T".
2022-08-19_02:01:55.622862 0 0.368
2022-08-19_02:01:55.822537 1 0.489
2022-08-19_02:01:55.822610 Acquisition finished.
2022-08-19_02:01:58.607778 Acquisition started with TIFF filename prefix "DF_Y14_AFTER_".
2022-08-19_02:02:00.456511 0 1.623
2022-08-19_02:02:00.656616 1 1.705
2022-08-19_02:02:00.856012 2 1.738
2022-08-19_02:02:01.056201 3 1.765
2022-08-19_02:02:01.256482 4 1.843
2022-08-19_02:02:01.256663 Acquisition finished.
2022-08-19_02:02:15.598999 Acquisition started with TIFF filename prefix "BG_Y14_AFTER_".
2022-08-19_02:02:17.439422 0 5.866
2022-08-19_02:02:17.639169 1 5.866
2022-08-19_02:02:17.838916 2 5.987
2022-08-19_02:02:18.038665 3 5.987
2022-08-19_02:02:18.237852 4 6.066
2022-08-19_02:02:18.237923 Acquisition finished.
